# JRE version: OpenJDK Runtime Environment (8.0_242-b01) (build 1.8.0_242-release-1644-b01)
# Java VM: OpenJDK 64-Bit Server VM (25.242-b01 mixed mode windows-amd64 compressed oops)
Heap:
 PSYoungGen      total 143360K, used 32923K [0x00000000d5c00000, 0x00000000e1c00000, 0x0000000100000000)
  eden space 104448K, 17% used [0x00000000d5c00000,0x00000000d6e1bfc0,0x00000000dc200000)
  from space 38912K, 36% used [0x00000000dc200000,0x00000000dd00afc8,0x00000000de800000)
  to   space 37376K, 0% used [0x00000000df780000,0x00000000df780000,0x00000000e1c00000)
 ParOldGen       total 120320K, used 66194K [0x0000000081400000, 0x0000000088980000, 0x00000000d5c00000)
  object space 120320K, 55% used [0x0000000081400000,0x00000000854a49f8,0x0000000088980000)
 Metaspace       used 66588K, capacity 67725K, committed 67928K, reserved 1110016K
  class space    used 7734K, capacity 8026K, committed 8064K, reserved 1048576K
GC Heap History (10 events):
Event: 10.302 GC heap before
{Heap before GC invocations=12 (full 2):
 PSYoungGen      total 102912K, used 102904K [0x00000000d5c00000, 0x00000000df680000, 0x0000000100000000)
  eden space 79872K, 100% used [0x00000000d5c00000,0x00000000daa00000,0x00000000daa00000)
  from space 23040K, 99% used [0x00000000daa00000,0x00000000dc07e358,0x00000000dc080000)
  to   space 31232K, 0% used [0x00000000dd800000,0x00000000dd800000,0x00000000df680000)
 ParOldGen       total 120320K, used 35550K [0x0000000081400000, 0x0000000088980000, 0x00000000d5c00000)
  object space 120320K, 29% used [0x0000000081400000,0x00000000836b7bf0,0x0000000088980000)
 Metaspace       used 55493K, capacity 56547K, committed 56920K, reserved 1099776K
  class space    used 6724K, capacity 6999K, committed 7040K, reserved 1048576K
Event: 10.334 GC heap after
Heap after GC invocations=12 (full 2):
 PSYoungGen      total 120320K, used 31222K [0x00000000d5c00000, 0x00000000e0480000, 0x0000000100000000)
  eden space 89088K, 0% used [0x00000000d5c00000,0x00000000d5c00000,0x00000000db300000)
  from space 31232K, 99% used [0x00000000dd800000,0x00000000df67d848,0x00000000df680000)
  to   space 37888K, 0% used [0x00000000db300000,0x00000000db300000,0x00000000dd800000)
 ParOldGen       total 120320K, used 42315K [0x0000000081400000, 0x0000000088980000, 0x00000000d5c00000)
  object space 120320K, 35% used [0x0000000081400000,0x0000000083d52ec0,0x0000000088980000)
 Metaspace       used 55493K, capacity 56547K, committed 56920K, reserved 1099776K
  class space    used 6724K, capacity 6999K, committed 7040K, reserved 1048576K
}
Event: 11.852 GC heap before
{Heap before GC invocations=13 (full 2):
 PSYoungGen      total 120320K, used 98858K [0x00000000d5c00000, 0x00000000e0480000, 0x0000000100000000)
  eden space 89088K, 75% used [0x00000000d5c00000,0x00000000d9e0cfc8,0x00000000db300000)
  from space 31232K, 99% used [0x00000000dd800000,0x00000000df67d848,0x00000000df680000)
  to   space 37888K, 0% used [0x00000000db300000,0x00000000db300000,0x00000000dd800000)
 ParOldGen       total 120320K, used 42315K [0x0000000081400000, 0x0000000088980000, 0x00000000d5c00000)
  object space 120320K, 35% used [0x0000000081400000,0x0000000083d52ec0,0x0000000088980000)
 Metaspace       used 57571K, capacity 58641K, committed 58968K, reserved 1101824K
  class space    used 6900K, capacity 7190K, committed 7296K, reserved 1048576K
Event: 11.880 GC heap after
Heap after GC invocations=13 (full 2):
 PSYoungGen      total 126976K, used 27389K [0x00000000d5c00000, 0x00000000e1380000, 0x0000000100000000)
  eden space 89088K, 0% used [0x00000000d5c00000,0x00000000d5c00000,0x00000000db300000)
  from space 37888K, 72% used [0x00000000db300000,0x00000000dcdbf638,0x00000000dd800000)
  to   space 39424K, 0% used [0x00000000ded00000,0x00000000ded00000,0x00000000e1380000)
 ParOldGen       total 120320K, used 56623K [0x0000000081400000, 0x0000000088980000, 0x00000000d5c00000)
  object space 120320K, 47% used [0x0000000081400000,0x0000000084b4bcc0,0x0000000088980000)
 Metaspace       used 57571K, capacity 58641K, committed 58968K, reserved 1101824K
  class space    used 6900K, capacity 7190K, committed 7296K, reserved 1048576K
}
Event: 11.880 GC heap before
{Heap before GC invocations=14 (full 3):
 PSYoungGen      total 126976K, used 27389K [0x00000000d5c00000, 0x00000000e1380000, 0x0000000100000000)
  eden space 89088K, 0% used [0x00000000d5c00000,0x00000000d5c00000,0x00000000db300000)
  from space 37888K, 72% used [0x00000000db300000,0x00000000dcdbf638,0x00000000dd800000)
  to   space 39424K, 0% used [0x00000000ded00000,0x00000000ded00000,0x00000000e1380000)
 ParOldGen       total 120320K, used 56623K [0x0000000081400000, 0x0000000088980000, 0x00000000d5c00000)
  object space 120320K, 47% used [0x0000000081400000,0x0000000084b4bcc0,0x0000000088980000)
 Metaspace       used 57571K, capacity 58641K, committed 58968K, reserved 1101824K
  class space    used 6900K, capacity 7190K, committed 7296K, reserved 1048576K
Event: 12.265 GC heap after
Heap after GC invocations=14 (full 3):
 PSYoungGen      total 126976K, used 0K [0x00000000d5c00000, 0x00000000e1380000, 0x0000000100000000)
  eden space 89088K, 0% used [0x00000000d5c00000,0x00000000d5c00000,0x00000000db300000)
  from space 37888K, 0% used [0x00000000db300000,0x00000000db300000,0x00000000dd800000)
  to   space 39424K, 0% used [0x00000000ded00000,0x00000000ded00000,0x00000000e1380000)
 ParOldGen       total 120320K, used 66178K [0x0000000081400000, 0x0000000088980000, 0x00000000d5c00000)
  object space 120320K, 55% used [0x0000000081400000,0x00000000854a09f8,0x0000000088980000)
 Metaspace       used 57571K, capacity 58641K, committed 58968K, reserved 1101824K
  class space    used 6900K, capacity 7190K, committed 7296K, reserved 1048576K
}
Event: 14.026 GC heap before
{Heap before GC invocations=15 (full 3):
 PSYoungGen      total 126976K, used 89088K [0x00000000d5c00000, 0x00000000e1380000, 0x0000000100000000)
  eden space 89088K, 100% used [0x00000000d5c00000,0x00000000db300000,0x00000000db300000)
  from space 37888K, 0% used [0x00000000db300000,0x00000000db300000,0x00000000dd800000)
  to   space 39424K, 0% used [0x00000000ded00000,0x00000000ded00000,0x00000000e1380000)
 ParOldGen       total 120320K, used 66178K [0x0000000081400000, 0x0000000088980000, 0x00000000d5c00000)
  object space 120320K, 55% used [0x0000000081400000,0x00000000854a09f8,0x0000000088980000)
 Metaspace       used 61733K, capacity 62941K, committed 63320K, reserved 1105920K
  class space    used 7216K, capacity 7508K, committed 7552K, reserved 1048576K
Event: 14.037 GC heap after
Heap after GC invocations=15 (full 3):
 PSYoungGen      total 138240K, used 11714K [0x00000000d5c00000, 0x00000000e0e00000, 0x0000000100000000)
  eden space 104448K, 0% used [0x00000000d5c00000,0x00000000d5c00000,0x00000000dc200000)
  from space 33792K, 34% used [0x00000000ded00000,0x00000000df870b90,0x00000000e0e00000)
  to   space 38912K, 0% used [0x00000000dc200000,0x00000000dc200000,0x00000000de800000)
 ParOldGen       total 120320K, used 66186K [0x0000000081400000, 0x0000000088980000, 0x00000000d5c00000)
  object space 120320K, 55% used [0x0000000081400000,0x00000000854a29f8,0x0000000088980000)
 Metaspace       used 61733K, capacity 62941K, committed 63320K, reserved 1105920K
  class space    used 7216K, capacity 7508K, committed 7552K, reserved 1048576K
}
Event: 15.830 GC heap before
{Heap before GC invocations=16 (full 3):
 PSYoungGen      total 138240K, used 116162K [0x00000000d5c00000, 0x00000000e0e00000, 0x0000000100000000)
  eden space 104448K, 100% used [0x00000000d5c00000,0x00000000dc200000,0x00000000dc200000)
  from space 33792K, 34% used [0x00000000ded00000,0x00000000df870b90,0x00000000e0e00000)
  to   space 38912K, 0% used [0x00000000dc200000,0x00000000dc200000,0x00000000de800000)
 ParOldGen       total 120320K, used 66186K [0x0000000081400000, 0x0000000088980000, 0x00000000d5c00000)
  object space 120320K, 55% used [0x0000000081400000,0x00000000854a29f8,0x0000000088980000)
 Metaspace       used 66490K, capacity 67661K, committed 67928K, reserved 1110016K
  class space    used 7734K, capacity 8026K, committed 8064K, reserved 1048576K
Event: 15.850 GC heap after
Heap after GC invocations=16 (full 3):
 PSYoungGen      total 143360K, used 14379K [0x00000000d5c00000, 0x00000000e1c00000, 0x0000000100000000)
  eden space 104448K, 0% used [0x00000000d5c00000,0x00000000d5c00000,0x00000000dc200000)
  from space 38912K, 36% used [0x00000000dc200000,0x00000000dd00afc8,0x00000000de800000)
  to   space 37376K, 0% used [0x00000000df780000,0x00000000df780000,0x00000000e1c00000)
 ParOldGen       total 120320K, used 66194K [0x0000000081400000, 0x0000000088980000, 0x00000000d5c00000)
  object space 120320K, 55% used [0x0000000081400000,0x00000000854a49f8,0x0000000088980000)
 Metaspace       used 66490K, capacity 67661K, committed 67928K, reserved 1110016K
  class space    used 7734K, capacity 8026K, committed 8064K, reserved 1048576K
}

