# JRE version: OpenJDK Runtime Environment (8.0_242-b01) (build 1.8.0_242-release-1644-b01)
# Java VM: OpenJDK 64-Bit Server VM (25.242-b01 mixed mode windows-amd64 compressed oops)
Heap:
 PSYoungGen      total 463872K, used 193771K [0x00000000e0000000, 0x00000000ffc00000, 0x0000000100000000)
  eden space 447488K, 39% used [0x00000000e0000000,0x00000000ead99948,0x00000000fb500000)
  from space 16384K, 97% used [0x00000000fb500000,0x00000000fc4a15a8,0x00000000fc500000)
  to   space 36352K, 0% used [0x00000000fd880000,0x00000000fd880000,0x00000000ffc00000)
 ParOldGen       total 222208K, used 125044K [0x00000000a0000000, 0x00000000ad900000, 0x00000000e0000000)
  object space 222208K, 56% used [0x00000000a0000000,0x00000000a7a1d1c0,0x00000000ad900000)
 Metaspace       used 92659K, capacity 97650K, committed 97816K, reserved 1134592K
  class space    used 12021K, capacity 13028K, committed 13104K, reserved 1048576K
GC Heap History (10 events):
Event: 760.439 GC heap before
{Heap before GC invocations=29 (full 4):
 PSYoungGen      total 483840K, used 449828K [0x00000000e0000000, 0x0000000100000000, 0x0000000100000000)
  eden space 442368K, 100% used [0x00000000e0000000,0x00000000fb000000,0x00000000fb000000)
  from space 41472K, 17% used [0x00000000fd780000,0x00000000fdec92e0,0x0000000100000000)
  to   space 40448K, 0% used [0x00000000fb000000,0x00000000fb000000,0x00000000fd780000)
 ParOldGen       total 222208K, used 116808K [0x00000000a0000000, 0x00000000ad900000, 0x00000000e0000000)
  object space 222208K, 52% used [0x00000000a0000000,0x00000000a7212370,0x00000000ad900000)
 Metaspace       used 89717K, capacity 94754K, committed 94872K, reserved 1132544K
  class space    used 11681K, capacity 12686K, committed 12720K, reserved 1048576K
Event: 760.472 GC heap after
Heap after GC invocations=29 (full 4):
 PSYoungGen      total 460288K, used 17806K [0x00000000e0000000, 0x00000000ffc00000, 0x0000000100000000)
  eden space 442368K, 0% used [0x00000000e0000000,0x00000000e0000000,0x00000000fb000000)
  from space 17920K, 99% used [0x00000000fb000000,0x00000000fc163ac0,0x00000000fc180000)
  to   space 38912K, 0% used [0x00000000fd600000,0x00000000fd600000,0x00000000ffc00000)
 ParOldGen       total 222208K, used 116808K [0x00000000a0000000, 0x00000000ad900000, 0x00000000e0000000)
  object space 222208K, 52% used [0x00000000a0000000,0x00000000a7212370,0x00000000ad900000)
 Metaspace       used 89717K, capacity 94754K, committed 94872K, reserved 1132544K
  class space    used 11681K, capacity 12686K, committed 12720K, reserved 1048576K
}
Event: 761.159 GC heap before
{Heap before GC invocations=30 (full 4):
 PSYoungGen      total 460288K, used 460174K [0x00000000e0000000, 0x00000000ffc00000, 0x0000000100000000)
  eden space 442368K, 100% used [0x00000000e0000000,0x00000000fb000000,0x00000000fb000000)
  from space 17920K, 99% used [0x00000000fb000000,0x00000000fc163ac0,0x00000000fc180000)
  to   space 38912K, 0% used [0x00000000fd600000,0x00000000fd600000,0x00000000ffc00000)
 ParOldGen       total 222208K, used 116808K [0x00000000a0000000, 0x00000000ad900000, 0x00000000e0000000)
  object space 222208K, 52% used [0x00000000a0000000,0x00000000a7212370,0x00000000ad900000)
 Metaspace       used 89879K, capacity 94862K, committed 95128K, reserved 1132544K
  class space    used 11701K, capacity 12692K, committed 12720K, reserved 1048576K
Event: 761.176 GC heap after
Heap after GC invocations=30 (full 4):
 PSYoungGen      total 482304K, used 19031K [0x00000000e0000000, 0x0000000100000000, 0x0000000100000000)
  eden space 443392K, 0% used [0x00000000e0000000,0x00000000e0000000,0x00000000fb100000)
  from space 38912K, 48% used [0x00000000fd600000,0x00000000fe895fa0,0x00000000ffc00000)
  to   space 37888K, 0% used [0x00000000fb100000,0x00000000fb100000,0x00000000fd600000)
 ParOldGen       total 222208K, used 116816K [0x00000000a0000000, 0x00000000ad900000, 0x00000000e0000000)
  object space 222208K, 52% used [0x00000000a0000000,0x00000000a7214370,0x00000000ad900000)
 Metaspace       used 89879K, capacity 94862K, committed 95128K, reserved 1132544K
  class space    used 11701K, capacity 12692K, committed 12720K, reserved 1048576K
}
Event: 761.916 GC heap before
{Heap before GC invocations=31 (full 4):
 PSYoungGen      total 482304K, used 462423K [0x00000000e0000000, 0x0000000100000000, 0x0000000100000000)
  eden space 443392K, 100% used [0x00000000e0000000,0x00000000fb100000,0x00000000fb100000)
  from space 38912K, 48% used [0x00000000fd600000,0x00000000fe895fa0,0x00000000ffc00000)
  to   space 37888K, 0% used [0x00000000fb100000,0x00000000fb100000,0x00000000fd600000)
 ParOldGen       total 222208K, used 116816K [0x00000000a0000000, 0x00000000ad900000, 0x00000000e0000000)
  object space 222208K, 52% used [0x00000000a0000000,0x00000000a7214370,0x00000000ad900000)
 Metaspace       used 90818K, capacity 95826K, committed 96024K, reserved 1132544K
  class space    used 11829K, capacity 12820K, committed 12848K, reserved 1048576K
Event: 761.940 GC heap after
Heap after GC invocations=31 (full 4):
 PSYoungGen      total 481280K, used 23760K [0x00000000e0000000, 0x0000000100000000, 0x0000000100000000)
  eden space 443392K, 0% used [0x00000000e0000000,0x00000000e0000000,0x00000000fb100000)
  from space 37888K, 62% used [0x00000000fb100000,0x00000000fc834260,0x00000000fd600000)
  to   space 38400K, 0% used [0x00000000fda80000,0x00000000fda80000,0x0000000100000000)
 ParOldGen       total 222208K, used 116816K [0x00000000a0000000, 0x00000000ad900000, 0x00000000e0000000)
  object space 222208K, 52% used [0x00000000a0000000,0x00000000a7214370,0x00000000ad900000)
 Metaspace       used 90818K, capacity 95826K, committed 96024K, reserved 1132544K
  class space    used 11829K, capacity 12820K, committed 12848K, reserved 1048576K
}
Event: 762.962 GC heap before
{Heap before GC invocations=32 (full 4):
 PSYoungGen      total 481280K, used 467152K [0x00000000e0000000, 0x0000000100000000, 0x0000000100000000)
  eden space 443392K, 100% used [0x00000000e0000000,0x00000000fb100000,0x00000000fb100000)
  from space 37888K, 62% used [0x00000000fb100000,0x00000000fc834260,0x00000000fd600000)
  to   space 38400K, 0% used [0x00000000fda80000,0x00000000fda80000,0x0000000100000000)
 ParOldGen       total 222208K, used 116816K [0x00000000a0000000, 0x00000000ad900000, 0x00000000e0000000)
  object space 222208K, 52% used [0x00000000a0000000,0x00000000a7214370,0x00000000ad900000)
 Metaspace       used 92488K, capacity 97500K, committed 97816K, reserved 1134592K
  class space    used 12003K, capacity 13013K, committed 13104K, reserved 1048576K
Event: 762.994 GC heap after
Heap after GC invocations=32 (full 4):
 PSYoungGen      total 485888K, used 21684K [0x00000000e0000000, 0x0000000100000000, 0x0000000100000000)
  eden space 447488K, 0% used [0x00000000e0000000,0x00000000e0000000,0x00000000fb500000)
  from space 38400K, 56% used [0x00000000fda80000,0x00000000fefad000,0x0000000100000000)
  to   space 38400K, 0% used [0x00000000fb500000,0x00000000fb500000,0x00000000fda80000)
 ParOldGen       total 222208K, used 121668K [0x00000000a0000000, 0x00000000ad900000, 0x00000000e0000000)
  object space 222208K, 54% used [0x00000000a0000000,0x00000000a76d13c0,0x00000000ad900000)
 Metaspace       used 92488K, capacity 97500K, committed 97816K, reserved 1134592K
  class space    used 12003K, capacity 13013K, committed 13104K, reserved 1048576K
}
Event: 764.547 GC heap before
{Heap before GC invocations=33 (full 4):
 PSYoungGen      total 485888K, used 469172K [0x00000000e0000000, 0x0000000100000000, 0x0000000100000000)
  eden space 447488K, 100% used [0x00000000e0000000,0x00000000fb500000,0x00000000fb500000)
  from space 38400K, 56% used [0x00000000fda80000,0x00000000fefad000,0x0000000100000000)
  to   space 38400K, 0% used [0x00000000fb500000,0x00000000fb500000,0x00000000fda80000)
 ParOldGen       total 222208K, used 121668K [0x00000000a0000000, 0x00000000ad900000, 0x00000000e0000000)
  object space 222208K, 54% used [0x00000000a0000000,0x00000000a76d13c0,0x00000000ad900000)
 Metaspace       used 92636K, capacity 97650K, committed 97816K, reserved 1134592K
  class space    used 12021K, capacity 13028K, committed 13104K, reserved 1048576K
Event: 764.575 GC heap after
Heap after GC invocations=33 (full 4):
 PSYoungGen      total 463872K, used 16005K [0x00000000e0000000, 0x00000000ffc00000, 0x0000000100000000)
  eden space 447488K, 0% used [0x00000000e0000000,0x00000000e0000000,0x00000000fb500000)
  from space 16384K, 97% used [0x00000000fb500000,0x00000000fc4a15a8,0x00000000fc500000)
  to   space 36352K, 0% used [0x00000000fd880000,0x00000000fd880000,0x00000000ffc00000)
 ParOldGen       total 222208K, used 125044K [0x00000000a0000000, 0x00000000ad900000, 0x00000000e0000000)
  object space 222208K, 56% used [0x00000000a0000000,0x00000000a7a1d1c0,0x00000000ad900000)
 Metaspace       used 92636K, capacity 97650K, committed 97816K, reserved 1134592K
  class space    used 12021K, capacity 13028K, committed 13104K, reserved 1048576K
}

